GowinSynthesis start
Running parser ...
Analyzing Verilog file 'F:\GOWIN\Gowin_V1.9.9_x64\IDE\ipcore\DDS\data\DDS_wrap.v'
Analyzing included file 'define.v'("F:\GOWIN\Gowin_V1.9.9_x64\IDE\ipcore\DDS\data\DDS_wrap.v":1)
Back to file 'F:\GOWIN\Gowin_V1.9.9_x64\IDE\ipcore\DDS\data\DDS_wrap.v'("F:\GOWIN\Gowin_V1.9.9_x64\IDE\ipcore\DDS\data\DDS_wrap.v":1)
Analyzing included file 'F:\GOWIN\Gowin_V1.9.9_x64\IDE\ipcore\DDS\data\static_macro_define.v'("F:\GOWIN\Gowin_V1.9.9_x64\IDE\ipcore\DDS\data\DDS_wrap.v":2)
Back to file 'F:\GOWIN\Gowin_V1.9.9_x64\IDE\ipcore\DDS\data\DDS_wrap.v'("F:\GOWIN\Gowin_V1.9.9_x64\IDE\ipcore\DDS\data\DDS_wrap.v":2)
Analyzing Verilog file 'F:\GOWIN\Gowin_V1.9.9_x64\IDE\ipcore\DDS\data\DDS_top.v'
Analyzing included file 'F:\GOWIN\Gowin_V1.9.9_x64\IDE\ipcore\DDS\data\static_macro_define.v'("F:\GOWIN\Gowin_V1.9.9_x64\IDE\ipcore\DDS\data\DDS_top.v":712)
Back to file 'F:\GOWIN\Gowin_V1.9.9_x64\IDE\ipcore\DDS\data\DDS_top.v'("F:\GOWIN\Gowin_V1.9.9_x64\IDE\ipcore\DDS\data\DDS_top.v":712)
Analyzing included file 'define.v'("F:\GOWIN\Gowin_V1.9.9_x64\IDE\ipcore\DDS\data\DDS_top.v":712)
Back to file 'F:\GOWIN\Gowin_V1.9.9_x64\IDE\ipcore\DDS\data\DDS_top.v'("F:\GOWIN\Gowin_V1.9.9_x64\IDE\ipcore\DDS\data\DDS_top.v":712)
Analyzing included file 'define.v'("F:\GOWIN\Gowin_V1.9.9_x64\IDE\ipcore\DDS\data\DDS_top.v":712)
Back to file 'F:\GOWIN\Gowin_V1.9.9_x64\IDE\ipcore\DDS\data\DDS_top.v'("F:\GOWIN\Gowin_V1.9.9_x64\IDE\ipcore\DDS\data\DDS_top.v":712)
Analyzing included file 'define.v'("F:\GOWIN\Gowin_V1.9.9_x64\IDE\ipcore\DDS\data\DDS_top.v":712)
Back to file 'F:\GOWIN\Gowin_V1.9.9_x64\IDE\ipcore\DDS\data\DDS_top.v'("F:\GOWIN\Gowin_V1.9.9_x64\IDE\ipcore\DDS\data\DDS_top.v":712)
Analyzing included file 'define.v'("F:\GOWIN\Gowin_V1.9.9_x64\IDE\ipcore\DDS\data\DDS_top.v":712)
Back to file 'F:\GOWIN\Gowin_V1.9.9_x64\IDE\ipcore\DDS\data\DDS_top.v'("F:\GOWIN\Gowin_V1.9.9_x64\IDE\ipcore\DDS\data\DDS_top.v":712)
Analyzing included file 'define.v'("F:\GOWIN\Gowin_V1.9.9_x64\IDE\ipcore\DDS\data\DDS_top.v":712)
Back to file 'F:\GOWIN\Gowin_V1.9.9_x64\IDE\ipcore\DDS\data\DDS_top.v'("F:\GOWIN\Gowin_V1.9.9_x64\IDE\ipcore\DDS\data\DDS_top.v":712)
Analyzing included file 'define.v'("F:\GOWIN\Gowin_V1.9.9_x64\IDE\ipcore\DDS\data\DDS_top.v":712)
Back to file 'F:\GOWIN\Gowin_V1.9.9_x64\IDE\ipcore\DDS\data\DDS_top.v'("F:\GOWIN\Gowin_V1.9.9_x64\IDE\ipcore\DDS\data\DDS_top.v":712)
Compiling module 'DDS_Top'("F:\GOWIN\Gowin_V1.9.9_x64\IDE\ipcore\DDS\data\DDS_wrap.v":3)
Compiling module '**'("F:\GOWIN\Gowin_V1.9.9_x64\IDE\ipcore\DDS\data\DDS_top.v":0)
Compiling module '**'("F:\GOWIN\Gowin_V1.9.9_x64\IDE\ipcore\DDS\data\DDS_top.v":0)
WARN  (EX3791) : Expression size ** truncated to fit in target size **("F:\GOWIN\Gowin_V1.9.9_x64\IDE\ipcore\DDS\data\DDS_top.v":0)
Compiling module '**'("F:\GOWIN\Gowin_V1.9.9_x64\IDE\ipcore\DDS\data\DDS_top.v":0)
Compiling module '**'("F:\GOWIN\Gowin_V1.9.9_x64\IDE\ipcore\DDS\data\DDS_top.v":0)
Extracting RAM for identifier '**'("F:\GOWIN\Gowin_V1.9.9_x64\IDE\ipcore\DDS\data\DDS_top.v":0)
WARN  (EX2526) : Entry size ** at **:** does not match memory width **("F:\GOWIN\Gowin_V1.9.9_x64\IDE\ipcore\DDS\data\DDS_top.v":0)
WARN  (EX3791) : Expression size ** truncated to fit in target size **("F:\GOWIN\Gowin_V1.9.9_x64\IDE\ipcore\DDS\data\DDS_top.v":0)
NOTE  (EX0101) : Current top module is "DDS_Top"
WARN  (EX0200) : Property "syn_romstyle" set invalid for "sin_mem"("F:\GOWIN\Gowin_V1.9.9_x64\IDE\ipcore\DDS\data\DDS_top.v":0)
[5%] Running netlist conversion ...
WARN  (CV0020) : Input waddr[15:7] is unused("F:\GOWIN\Gowin_V1.9.9_x64\IDE\ipcore\DDS\data\DDS_wrap.v":19)
WARN  (CV0020) : Input waddr[1:0] is unused("F:\GOWIN\Gowin_V1.9.9_x64\IDE\ipcore\DDS\data\DDS_wrap.v":19)
WARN  (CV0020) : Input wdata[31:20] is unused("F:\GOWIN\Gowin_V1.9.9_x64\IDE\ipcore\DDS\data\DDS_wrap.v":20)
Running device independent optimization ...
[10%] Optimizing Phase 0 completed
[15%] Optimizing Phase 1 completed
[25%] Optimizing Phase 2 completed
Running inference ...
[30%] Inferring Phase 0 completed
[40%] Inferring Phase 1 completed
[50%] Inferring Phase 2 completed
[55%] Inferring Phase 3 completed
Running technical mapping ...
[60%] Tech-Mapping Phase 0 completed
[65%] Tech-Mapping Phase 1 completed
[75%] Tech-Mapping Phase 2 completed
[80%] Tech-Mapping Phase 3 completed
[90%] Tech-Mapping Phase 4 completed
[95%] Generate netlist file "F:\GOWIN\Project\lab_fft\src\dds\temp\DDS\dds.vg" completed
Generate template file "F:\GOWIN\Project\lab_fft\src\dds\temp\DDS\dds_tmp.v" completed
[100%] Generate report file "F:\GOWIN\Project\lab_fft\src\dds\temp\DDS\dds_syn.rpt.html" completed
GowinSynthesis finish
