GowinSynthesis start
Running parser ...
Analyzing Verilog file 'F:\GOWIN\Project\lab_fft\src\fir_top.v'
Analyzing Verilog file 'F:\GOWIN\Project\lab_fft\src\fir_tb.v'
Analyzing Verilog file 'F:\GOWIN\Project\lab_fft\src\advanced_fir_filter\advanced_fir_filter.v'
Analyzing Verilog file 'F:\GOWIN\Project\lab_fft\src\complex_multiplier\complex_multiplier.v'
Analyzing Verilog file 'F:\GOWIN\Project\lab_fft\src\dds\dds.v'
Analyzing Verilog file 'F:\GOWIN\Project\lab_fft\src\dds_ii\dds_ii.v'
Analyzing Verilog file 'F:\GOWIN\Project\lab_fft\src\gowin_pll\gowin_pll.v'
Compiling module 'fir_top'("F:\GOWIN\Project\lab_fft\src\fir_top.v":2)
Compiling module 'Gowin_PLL'("F:\GOWIN\Project\lab_fft\src\gowin_pll\gowin_pll.v":10)
Compiling module 'DDS_Top'("F:\GOWIN\Project\lab_fft\src\dds\dds.v":675)
Compiling module '**'("F:\GOWIN\Project\lab_fft\src\dds\dds.v":0)
Compiling module '**'("F:\GOWIN\Project\lab_fft\src\dds\dds.v":0)
Compiling module '**'("F:\GOWIN\Project\lab_fft\src\dds\dds.v":0)
Compiling module '**'("F:\GOWIN\Project\lab_fft\src\dds\dds.v":0)
Compiling module 'DDS_II_Top'("F:\GOWIN\Project\lab_fft\src\dds_ii\dds_ii.v":1232)
Compiling module '**'("F:\GOWIN\Project\lab_fft\src\dds_ii\dds_ii.v":0)
Compiling module '**'("F:\GOWIN\Project\lab_fft\src\dds_ii\dds_ii.v":0)
Compiling module '**'("F:\GOWIN\Project\lab_fft\src\dds_ii\dds_ii.v":0)
Compiling module '**'("F:\GOWIN\Project\lab_fft\src\dds_ii\dds_ii.v":0)
Compiling module '**'("F:\GOWIN\Project\lab_fft\src\dds_ii\dds_ii.v":0)
Compiling module 'Complex_Multiplier_Top'("F:\GOWIN\Project\lab_fft\src\complex_multiplier\complex_multiplier.v":202)
Compiling module '**'("F:\GOWIN\Project\lab_fft\src\complex_multiplier\complex_multiplier.v":0)
Compiling module 'Advanced_FIR_Filter_Top'("F:\GOWIN\Project\lab_fft\src\advanced_fir_filter\advanced_fir_filter.v":19362)
Compiling module '**'("F:\GOWIN\Project\lab_fft\src\advanced_fir_filter\advanced_fir_filter.v":0)
Compiling module '**'("F:\GOWIN\Project\lab_fft\src\advanced_fir_filter\advanced_fir_filter.v":0)
Compiling module '**'("F:\GOWIN\Project\lab_fft\src\advanced_fir_filter\advanced_fir_filter.v":0)
Compiling module '**'("F:\GOWIN\Project\lab_fft\src\advanced_fir_filter\advanced_fir_filter.v":0)
Compiling module '**'("F:\GOWIN\Project\lab_fft\src\advanced_fir_filter\advanced_fir_filter.v":0)
Compiling module '**'("F:\GOWIN\Project\lab_fft\src\advanced_fir_filter\advanced_fir_filter.v":0)
Compiling module '**'("F:\GOWIN\Project\lab_fft\src\advanced_fir_filter\advanced_fir_filter.v":0)
Compiling module '**'("F:\GOWIN\Project\lab_fft\src\advanced_fir_filter\advanced_fir_filter.v":0)
Compiling module '**'("F:\GOWIN\Project\lab_fft\src\advanced_fir_filter\advanced_fir_filter.v":0)
Compiling module '**'("F:\GOWIN\Project\lab_fft\src\advanced_fir_filter\advanced_fir_filter.v":0)
Compiling module '**'("F:\GOWIN\Project\lab_fft\src\advanced_fir_filter\advanced_fir_filter.v":0)
Compiling module '**'("F:\GOWIN\Project\lab_fft\src\advanced_fir_filter\advanced_fir_filter.v":0)
Compiling module '**'("F:\GOWIN\Project\lab_fft\src\advanced_fir_filter\advanced_fir_filter.v":0)
Compiling module '**'("F:\GOWIN\Project\lab_fft\src\advanced_fir_filter\advanced_fir_filter.v":0)
Compiling module '**'("F:\GOWIN\Project\lab_fft\src\advanced_fir_filter\advanced_fir_filter.v":0)
Compiling module '**'("F:\GOWIN\Project\lab_fft\src\advanced_fir_filter\advanced_fir_filter.v":0)
Compiling module '**'("F:\GOWIN\Project\lab_fft\src\advanced_fir_filter\advanced_fir_filter.v":0)
Compiling module '**'("F:\GOWIN\Project\lab_fft\src\advanced_fir_filter\advanced_fir_filter.v":0)
Compiling module '**'("F:\GOWIN\Project\lab_fft\src\advanced_fir_filter\advanced_fir_filter.v":0)
Compiling module '**'("F:\GOWIN\Project\lab_fft\src\advanced_fir_filter\advanced_fir_filter.v":0)
Compiling module '**'("F:\GOWIN\Project\lab_fft\src\advanced_fir_filter\advanced_fir_filter.v":0)
Compiling module '**'("F:\GOWIN\Project\lab_fft\src\advanced_fir_filter\advanced_fir_filter.v":0)
Compiling module '**'("F:\GOWIN\Project\lab_fft\src\advanced_fir_filter\advanced_fir_filter.v":0)
Compiling module '**'("F:\GOWIN\Project\lab_fft\src\advanced_fir_filter\advanced_fir_filter.v":0)
Compiling module '**'("F:\GOWIN\Project\lab_fft\src\advanced_fir_filter\advanced_fir_filter.v":0)
Compiling module '**'("F:\GOWIN\Project\lab_fft\src\advanced_fir_filter\advanced_fir_filter.v":0)
Compiling module '**'("F:\GOWIN\Project\lab_fft\src\advanced_fir_filter\advanced_fir_filter.v":0)
Compiling module '**'("F:\GOWIN\Project\lab_fft\src\advanced_fir_filter\advanced_fir_filter.v":0)
Compiling module '**'("F:\GOWIN\Project\lab_fft\src\advanced_fir_filter\advanced_fir_filter.v":0)
Compiling module '**'("F:\GOWIN\Project\lab_fft\src\advanced_fir_filter\advanced_fir_filter.v":0)
Compiling module '**'("F:\GOWIN\Project\lab_fft\src\advanced_fir_filter\advanced_fir_filter.v":0)
Compiling module '**'("F:\GOWIN\Project\lab_fft\src\advanced_fir_filter\advanced_fir_filter.v":0)
Compiling module '**'("F:\GOWIN\Project\lab_fft\src\advanced_fir_filter\advanced_fir_filter.v":0)
Compiling module '**'("F:\GOWIN\Project\lab_fft\src\advanced_fir_filter\advanced_fir_filter.v":0)
Compiling module '**'("F:\GOWIN\Project\lab_fft\src\advanced_fir_filter\advanced_fir_filter.v":0)
Compiling module '**'("F:\GOWIN\Project\lab_fft\src\advanced_fir_filter\advanced_fir_filter.v":0)
Compiling module '**'("F:\GOWIN\Project\lab_fft\src\advanced_fir_filter\advanced_fir_filter.v":0)
Compiling module '**'("F:\GOWIN\Project\lab_fft\src\advanced_fir_filter\advanced_fir_filter.v":0)
Compiling module '**'("F:\GOWIN\Project\lab_fft\src\advanced_fir_filter\advanced_fir_filter.v":0)
Compiling module '**'("F:\GOWIN\Project\lab_fft\src\advanced_fir_filter\advanced_fir_filter.v":0)
Compiling module '**'("F:\GOWIN\Project\lab_fft\src\advanced_fir_filter\advanced_fir_filter.v":0)
Compiling module '**'("F:\GOWIN\Project\lab_fft\src\advanced_fir_filter\advanced_fir_filter.v":0)
Compiling module '**'("F:\GOWIN\Project\lab_fft\src\advanced_fir_filter\advanced_fir_filter.v":0)
Compiling module '**'("F:\GOWIN\Project\lab_fft\src\advanced_fir_filter\advanced_fir_filter.v":0)
Compiling module '**'("F:\GOWIN\Project\lab_fft\src\advanced_fir_filter\advanced_fir_filter.v":0)
Compiling module '**'("F:\GOWIN\Project\lab_fft\src\advanced_fir_filter\advanced_fir_filter.v":0)
Compiling module '**'("F:\GOWIN\Project\lab_fft\src\advanced_fir_filter\advanced_fir_filter.v":0)
Compiling module '**'("F:\GOWIN\Project\lab_fft\src\advanced_fir_filter\advanced_fir_filter.v":0)
Compiling module '**'("F:\GOWIN\Project\lab_fft\src\advanced_fir_filter\advanced_fir_filter.v":0)
Compiling module '**'("F:\GOWIN\Project\lab_fft\src\advanced_fir_filter\advanced_fir_filter.v":0)
Compiling module '**'("F:\GOWIN\Project\lab_fft\src\advanced_fir_filter\advanced_fir_filter.v":0)
Compiling module '**'("F:\GOWIN\Project\lab_fft\src\advanced_fir_filter\advanced_fir_filter.v":0)
Compiling module '**'("F:\GOWIN\Project\lab_fft\src\advanced_fir_filter\advanced_fir_filter.v":0)
Compiling module '**'("F:\GOWIN\Project\lab_fft\src\advanced_fir_filter\advanced_fir_filter.v":0)
Compiling module '**'("F:\GOWIN\Project\lab_fft\src\advanced_fir_filter\advanced_fir_filter.v":0)
Compiling module '**'("F:\GOWIN\Project\lab_fft\src\advanced_fir_filter\advanced_fir_filter.v":0)
Compiling module '**'("F:\GOWIN\Project\lab_fft\src\advanced_fir_filter\advanced_fir_filter.v":0)
Compiling module '**'("F:\GOWIN\Project\lab_fft\src\advanced_fir_filter\advanced_fir_filter.v":0)
Compiling module '**'("F:\GOWIN\Project\lab_fft\src\advanced_fir_filter\advanced_fir_filter.v":0)
Compiling module '**'("F:\GOWIN\Project\lab_fft\src\advanced_fir_filter\advanced_fir_filter.v":0)
Compiling module '**'("F:\GOWIN\Project\lab_fft\src\advanced_fir_filter\advanced_fir_filter.v":0)
Compiling module '**'("F:\GOWIN\Project\lab_fft\src\advanced_fir_filter\advanced_fir_filter.v":0)
Compiling module '**'("F:\GOWIN\Project\lab_fft\src\advanced_fir_filter\advanced_fir_filter.v":0)
Compiling module '**'("F:\GOWIN\Project\lab_fft\src\advanced_fir_filter\advanced_fir_filter.v":0)
Compiling module '**'("F:\GOWIN\Project\lab_fft\src\advanced_fir_filter\advanced_fir_filter.v":0)
Compiling module '**'("F:\GOWIN\Project\lab_fft\src\advanced_fir_filter\advanced_fir_filter.v":0)
Compiling module '**'("F:\GOWIN\Project\lab_fft\src\advanced_fir_filter\advanced_fir_filter.v":0)
Compiling module '**'("F:\GOWIN\Project\lab_fft\src\advanced_fir_filter\advanced_fir_filter.v":0)
Compiling module '**'("F:\GOWIN\Project\lab_fft\src\advanced_fir_filter\advanced_fir_filter.v":0)
Compiling module '**'("F:\GOWIN\Project\lab_fft\src\advanced_fir_filter\advanced_fir_filter.v":0)
Compiling module '**'("F:\GOWIN\Project\lab_fft\src\advanced_fir_filter\advanced_fir_filter.v":0)
Compiling module '**'("F:\GOWIN\Project\lab_fft\src\advanced_fir_filter\advanced_fir_filter.v":0)
Compiling module '**'("F:\GOWIN\Project\lab_fft\src\advanced_fir_filter\advanced_fir_filter.v":0)
Compiling module '**'("F:\GOWIN\Project\lab_fft\src\advanced_fir_filter\advanced_fir_filter.v":0)
Compiling module '**'("F:\GOWIN\Project\lab_fft\src\advanced_fir_filter\advanced_fir_filter.v":0)
Compiling module '**'("F:\GOWIN\Project\lab_fft\src\advanced_fir_filter\advanced_fir_filter.v":0)
Compiling module '**'("F:\GOWIN\Project\lab_fft\src\advanced_fir_filter\advanced_fir_filter.v":0)
Compiling module '**'("F:\GOWIN\Project\lab_fft\src\advanced_fir_filter\advanced_fir_filter.v":0)
Compiling module '**'("F:\GOWIN\Project\lab_fft\src\advanced_fir_filter\advanced_fir_filter.v":0)
Compiling module '**'("F:\GOWIN\Project\lab_fft\src\advanced_fir_filter\advanced_fir_filter.v":0)
WARN  (EX3670) : Actual bit length 19 differs from formal bit length 18 for port 'fir_data_i'("F:\GOWIN\Project\lab_fft\src\fir_top.v":127)
NOTE  (EX0101) : Current top module is "fir_top"
WARN  (EX0211) : The output port "sign_led" of module "fir_top" has no driver, assigning undriven bits to Z, simulation mismatch possible("F:\GOWIN\Project\lab_fft\src\fir_top.v":7)
[5%] Running netlist conversion ...
WARN  (CV0016) : Input sclk is unused("F:\GOWIN\Project\lab_fft\src\fir_top.v":3)
WARN  (CV0016) : Input s_rst is unused("F:\GOWIN\Project\lab_fft\src\fir_top.v":4)
Running device independent optimization ...
[10%] Optimizing Phase 0 completed
[15%] Optimizing Phase 1 completed
[25%] Optimizing Phase 2 completed
Running inference ...
[30%] Inferring Phase 0 completed
[40%] Inferring Phase 1 completed
[50%] Inferring Phase 2 completed
[55%] Inferring Phase 3 completed
Running technical mapping ...
[60%] Tech-Mapping Phase 0 completed
[65%] Tech-Mapping Phase 1 completed
[75%] Tech-Mapping Phase 2 completed
[80%] Tech-Mapping Phase 3 completed
[90%] Tech-Mapping Phase 4 completed
WARN  (NL0002) : The module "Advanced_FIR_Filter_Top" instantiated to "Advanced_FIR_Filter_inst" is swept in optimizing("F:\GOWIN\Project\lab_fft\src\fir_top.v":131)
WARN  (NL0002) : The module "(advanced_fir_filter)/(Advanced_FIR_Filter_Top)(DIN_WIDTH=18,DOUT_WIDTH=31,TAPS_SIZE=22,NUM_CHN=2,NUM_TDM=1,COEFF_PATH="./coeff.dat")" instantiated to "advanced_fir_filter_inst" is swept in optimizing("F:\GOWIN\Project\lab_fft\src\advanced_fir_filter\advanced_fir_filter.v":19395)
WARN  (NL0002) : The module "(fir_singlerate)/(Advanced_FIR_Filter_Top)(DIN_WIDTH=18,DOUT_WIDTH=31,COEFF_PATH="./coeff.dat",TAPS_SIZE=22,NUM_CHN=2,NUM_TDM=1)" instantiated to "fir_singlerate_inst" is swept in optimizing("F:\GOWIN\Project\lab_fft\src\advanced_fir_filter\advanced_fir_filter.v":0)
WARN  (NL0002) : The module "(coeff_rom)/(Advanced_FIR_Filter_Top)(MEM_DEPTH=22)" instantiated to "coeff_rom_inst" is swept in optimizing("F:\GOWIN\Project\lab_fft\src\advanced_fir_filter\advanced_fir_filter.v":0)
WARN  (NL0002) : The module "(data_round)/(Advanced_FIR_Filter_Top)(DIN_WIDTH=40,DOUT_WIDTH=31,UP_CUT_WIDTH=5)" instantiated to "data_round_inst" is swept in optimizing("F:\GOWIN\Project\lab_fft\src\advanced_fir_filter\advanced_fir_filter.v":0)
WARN  (NL0002) : The module "(adder_4input)/(Advanced_FIR_Filter_Top)(LBIT_WIDTH=20,HBIT_WIDTH=20)" instantiated to "gen_adder_tree_layer0[0].adder_inst" is swept in optimizing("F:\GOWIN\Project\lab_fft\src\advanced_fir_filter\advanced_fir_filter.v":0)
WARN  (NL0002) : The module "(adder_4input)/(Advanced_FIR_Filter_Top)(LBIT_WIDTH=20,HBIT_WIDTH=20)_0" instantiated to "gen_adder_tree_layer0[1].adder_inst" is swept in optimizing("F:\GOWIN\Project\lab_fft\src\advanced_fir_filter\advanced_fir_filter.v":0)
WARN  (NL0002) : The module "(adder_4input)/(Advanced_FIR_Filter_Top)(LBIT_WIDTH=20,HBIT_WIDTH=20)_1" instantiated to "gen_adder_tree_layer0[2].adder_inst" is swept in optimizing("F:\GOWIN\Project\lab_fft\src\advanced_fir_filter\advanced_fir_filter.v":0)
WARN  (NL0002) : The module "(adder_4input)/(Advanced_FIR_Filter_Top)(LBIT_WIDTH=20,HBIT_WIDTH=20)_2" instantiated to "gen_adder_tree_layer0[3].adder_inst" is swept in optimizing("F:\GOWIN\Project\lab_fft\src\advanced_fir_filter\advanced_fir_filter.v":0)
WARN  (NL0002) : The module "(adder_4input)/(Advanced_FIR_Filter_Top)(LBIT_WIDTH=20,HBIT_WIDTH=20)_3" instantiated to "gen_adder_tree_layer0[4].adder_inst" is swept in optimizing("F:\GOWIN\Project\lab_fft\src\advanced_fir_filter\advanced_fir_filter.v":0)
WARN  (NL0002) : The module "(adder_4input)/(Advanced_FIR_Filter_Top)(LBIT_WIDTH=20,HBIT_WIDTH=20)_4" instantiated to "gen_adder_tree_layer0[5].adder_inst" is swept in optimizing("F:\GOWIN\Project\lab_fft\src\advanced_fir_filter\advanced_fir_filter.v":0)
WARN  (NL0002) : The module "(adder_4input)/(Advanced_FIR_Filter_Top)(LBIT_WIDTH=20,HBIT_WIDTH=20)_5" instantiated to "gen_adder_tree_layer1[0].adder_inst" is swept in optimizing("F:\GOWIN\Project\lab_fft\src\advanced_fir_filter\advanced_fir_filter.v":0)
WARN  (NL0002) : The module "(adder_4input)/(Advanced_FIR_Filter_Top)(LBIT_WIDTH=20,HBIT_WIDTH=20)_6" instantiated to "gen_adder_tree_layer1[1].adder_inst" is swept in optimizing("F:\GOWIN\Project\lab_fft\src\advanced_fir_filter\advanced_fir_filter.v":0)
WARN  (NL0002) : The module "(adder_4input)/(Advanced_FIR_Filter_Top)(LBIT_WIDTH=20,HBIT_WIDTH=20)_7" instantiated to "gen_adder_tree_layer2[0].adder_inst" is swept in optimizing("F:\GOWIN\Project\lab_fft\src\advanced_fir_filter\advanced_fir_filter.v":0)
WARN  (NL0002) : The module "(mult_dsp)/(Advanced_FIR_Filter_Top)(DATA_WIDTH=20)" instantiated to "gen_mult_dsp[0].mult_dsp_inst" is swept in optimizing("F:\GOWIN\Project\lab_fft\src\advanced_fir_filter\advanced_fir_filter.v":0)
WARN  (NL0002) : The module "(mult_dsp)/(Advanced_FIR_Filter_Top)(DATA_WIDTH=20)_9" instantiated to "gen_mult_dsp[10].mult_dsp_inst" is swept in optimizing("F:\GOWIN\Project\lab_fft\src\advanced_fir_filter\advanced_fir_filter.v":0)
WARN  (NL0002) : The module "(mult_dsp)/(Advanced_FIR_Filter_Top)(DATA_WIDTH=20)_10" instantiated to "gen_mult_dsp[11].mult_dsp_inst" is swept in optimizing("F:\GOWIN\Project\lab_fft\src\advanced_fir_filter\advanced_fir_filter.v":0)
WARN  (NL0002) : The module "(mult_dsp)/(Advanced_FIR_Filter_Top)(DATA_WIDTH=20)_11" instantiated to "gen_mult_dsp[12].mult_dsp_inst" is swept in optimizing("F:\GOWIN\Project\lab_fft\src\advanced_fir_filter\advanced_fir_filter.v":0)
WARN  (NL0002) : The module "(mult_dsp)/(Advanced_FIR_Filter_Top)(DATA_WIDTH=20)_12" instantiated to "gen_mult_dsp[13].mult_dsp_inst" is swept in optimizing("F:\GOWIN\Project\lab_fft\src\advanced_fir_filter\advanced_fir_filter.v":0)
WARN  (NL0002) : The module "(mult_dsp)/(Advanced_FIR_Filter_Top)(DATA_WIDTH=20)_13" instantiated to "gen_mult_dsp[14].mult_dsp_inst" is swept in optimizing("F:\GOWIN\Project\lab_fft\src\advanced_fir_filter\advanced_fir_filter.v":0)
WARN  (NL0002) : The module "(mult_dsp)/(Advanced_FIR_Filter_Top)(DATA_WIDTH=20)_14" instantiated to "gen_mult_dsp[15].mult_dsp_inst" is swept in optimizing("F:\GOWIN\Project\lab_fft\src\advanced_fir_filter\advanced_fir_filter.v":0)
WARN  (NL0002) : The module "(mult_dsp)/(Advanced_FIR_Filter_Top)(DATA_WIDTH=20)_15" instantiated to "gen_mult_dsp[16].mult_dsp_inst" is swept in optimizing("F:\GOWIN\Project\lab_fft\src\advanced_fir_filter\advanced_fir_filter.v":0)
WARN  (NL0002) : The module "(mult_dsp)/(Advanced_FIR_Filter_Top)(DATA_WIDTH=20)_16" instantiated to "gen_mult_dsp[17].mult_dsp_inst" is swept in optimizing("F:\GOWIN\Project\lab_fft\src\advanced_fir_filter\advanced_fir_filter.v":0)
WARN  (NL0002) : The module "(mult_dsp)/(Advanced_FIR_Filter_Top)(DATA_WIDTH=20)_17" instantiated to "gen_mult_dsp[18].mult_dsp_inst" is swept in optimizing("F:\GOWIN\Project\lab_fft\src\advanced_fir_filter\advanced_fir_filter.v":0)
WARN  (NL0002) : The module "(mult_dsp)/(Advanced_FIR_Filter_Top)(DATA_WIDTH=20)_18" instantiated to "gen_mult_dsp[19].mult_dsp_inst" is swept in optimizing("F:\GOWIN\Project\lab_fft\src\advanced_fir_filter\advanced_fir_filter.v":0)
WARN  (NL0002) : The module "(mult_dsp)/(Advanced_FIR_Filter_Top)(DATA_WIDTH=20)_0" instantiated to "gen_mult_dsp[1].mult_dsp_inst" is swept in optimizing("F:\GOWIN\Project\lab_fft\src\advanced_fir_filter\advanced_fir_filter.v":0)
WARN  (NL0002) : The module "(mult_dsp)/(Advanced_FIR_Filter_Top)(DATA_WIDTH=20)_19" instantiated to "gen_mult_dsp[20].mult_dsp_inst" is swept in optimizing("F:\GOWIN\Project\lab_fft\src\advanced_fir_filter\advanced_fir_filter.v":0)
WARN  (NL0002) : The module "(mult_dsp)/(Advanced_FIR_Filter_Top)(DATA_WIDTH=20)_20" instantiated to "gen_mult_dsp[21].mult_dsp_inst" is swept in optimizing("F:\GOWIN\Project\lab_fft\src\advanced_fir_filter\advanced_fir_filter.v":0)
WARN  (NL0002) : The module "(mult_dsp)/(Advanced_FIR_Filter_Top)(DATA_WIDTH=20)_1" instantiated to "gen_mult_dsp[2].mult_dsp_inst" is swept in optimizing("F:\GOWIN\Project\lab_fft\src\advanced_fir_filter\advanced_fir_filter.v":0)
WARN  (NL0002) : The module "(mult_dsp)/(Advanced_FIR_Filter_Top)(DATA_WIDTH=20)_2" instantiated to "gen_mult_dsp[3].mult_dsp_inst" is swept in optimizing("F:\GOWIN\Project\lab_fft\src\advanced_fir_filter\advanced_fir_filter.v":0)
WARN  (NL0002) : The module "(mult_dsp)/(Advanced_FIR_Filter_Top)(DATA_WIDTH=20)_3" instantiated to "gen_mult_dsp[4].mult_dsp_inst" is swept in optimizing("F:\GOWIN\Project\lab_fft\src\advanced_fir_filter\advanced_fir_filter.v":0)
WARN  (NL0002) : The module "(mult_dsp)/(Advanced_FIR_Filter_Top)(DATA_WIDTH=20)_4" instantiated to "gen_mult_dsp[5].mult_dsp_inst" is swept in optimizing("F:\GOWIN\Project\lab_fft\src\advanced_fir_filter\advanced_fir_filter.v":0)
WARN  (NL0002) : The module "(mult_dsp)/(Advanced_FIR_Filter_Top)(DATA_WIDTH=20)_5" instantiated to "gen_mult_dsp[6].mult_dsp_inst" is swept in optimizing("F:\GOWIN\Project\lab_fft\src\advanced_fir_filter\advanced_fir_filter.v":0)
WARN  (NL0002) : The module "(mult_dsp)/(Advanced_FIR_Filter_Top)(DATA_WIDTH=20)_6" instantiated to "gen_mult_dsp[7].mult_dsp_inst" is swept in optimizing("F:\GOWIN\Project\lab_fft\src\advanced_fir_filter\advanced_fir_filter.v":0)
WARN  (NL0002) : The module "(mult_dsp)/(Advanced_FIR_Filter_Top)(DATA_WIDTH=20)_7" instantiated to "gen_mult_dsp[8].mult_dsp_inst" is swept in optimizing("F:\GOWIN\Project\lab_fft\src\advanced_fir_filter\advanced_fir_filter.v":0)
WARN  (NL0002) : The module "(mult_dsp)/(Advanced_FIR_Filter_Top)(DATA_WIDTH=20)_8" instantiated to "gen_mult_dsp[9].mult_dsp_inst" is swept in optimizing("F:\GOWIN\Project\lab_fft\src\advanced_fir_filter\advanced_fir_filter.v":0)
WARN  (NL0002) : The module "(spram)/(Advanced_FIR_Filter_Top)(DATA_WIDTH=16,MEM_DEPTH=1)" instantiated to "gen_spram_coeff[0].spram_coeff_inst" is swept in optimizing("F:\GOWIN\Project\lab_fft\src\advanced_fir_filter\advanced_fir_filter.v":0)
WARN  (NL0002) : The module "(spram)/(Advanced_FIR_Filter_Top)(DATA_WIDTH=16,MEM_DEPTH=1)_9" instantiated to "gen_spram_coeff[10].spram_coeff_inst" is swept in optimizing("F:\GOWIN\Project\lab_fft\src\advanced_fir_filter\advanced_fir_filter.v":0)
WARN  (NL0002) : The module "(spram)/(Advanced_FIR_Filter_Top)(DATA_WIDTH=16,MEM_DEPTH=1)_10" instantiated to "gen_spram_coeff[11].spram_coeff_inst" is swept in optimizing("F:\GOWIN\Project\lab_fft\src\advanced_fir_filter\advanced_fir_filter.v":0)
WARN  (NL0002) : The module "(spram)/(Advanced_FIR_Filter_Top)(DATA_WIDTH=16,MEM_DEPTH=1)_11" instantiated to "gen_spram_coeff[12].spram_coeff_inst" is swept in optimizing("F:\GOWIN\Project\lab_fft\src\advanced_fir_filter\advanced_fir_filter.v":0)
WARN  (NL0002) : The module "(spram)/(Advanced_FIR_Filter_Top)(DATA_WIDTH=16,MEM_DEPTH=1)_12" instantiated to "gen_spram_coeff[13].spram_coeff_inst" is swept in optimizing("F:\GOWIN\Project\lab_fft\src\advanced_fir_filter\advanced_fir_filter.v":0)
WARN  (NL0002) : The module "(spram)/(Advanced_FIR_Filter_Top)(DATA_WIDTH=16,MEM_DEPTH=1)_13" instantiated to "gen_spram_coeff[14].spram_coeff_inst" is swept in optimizing("F:\GOWIN\Project\lab_fft\src\advanced_fir_filter\advanced_fir_filter.v":0)
WARN  (NL0002) : The module "(spram)/(Advanced_FIR_Filter_Top)(DATA_WIDTH=16,MEM_DEPTH=1)_14" instantiated to "gen_spram_coeff[15].spram_coeff_inst" is swept in optimizing("F:\GOWIN\Project\lab_fft\src\advanced_fir_filter\advanced_fir_filter.v":0)
WARN  (NL0002) : The module "(spram)/(Advanced_FIR_Filter_Top)(DATA_WIDTH=16,MEM_DEPTH=1)_15" instantiated to "gen_spram_coeff[16].spram_coeff_inst" is swept in optimizing("F:\GOWIN\Project\lab_fft\src\advanced_fir_filter\advanced_fir_filter.v":0)
WARN  (NL0002) : The module "(spram)/(Advanced_FIR_Filter_Top)(DATA_WIDTH=16,MEM_DEPTH=1)_16" instantiated to "gen_spram_coeff[17].spram_coeff_inst" is swept in optimizing("F:\GOWIN\Project\lab_fft\src\advanced_fir_filter\advanced_fir_filter.v":0)
WARN  (NL0002) : The module "(spram)/(Advanced_FIR_Filter_Top)(DATA_WIDTH=16,MEM_DEPTH=1)_17" instantiated to "gen_spram_coeff[18].spram_coeff_inst" is swept in optimizing("F:\GOWIN\Project\lab_fft\src\advanced_fir_filter\advanced_fir_filter.v":0)
WARN  (NL0002) : The module "(spram)/(Advanced_FIR_Filter_Top)(DATA_WIDTH=16,MEM_DEPTH=1)_18" instantiated to "gen_spram_coeff[19].spram_coeff_inst" is swept in optimizing("F:\GOWIN\Project\lab_fft\src\advanced_fir_filter\advanced_fir_filter.v":0)
WARN  (NL0002) : The module "(spram)/(Advanced_FIR_Filter_Top)(DATA_WIDTH=16,MEM_DEPTH=1)_0" instantiated to "gen_spram_coeff[1].spram_coeff_inst" is swept in optimizing("F:\GOWIN\Project\lab_fft\src\advanced_fir_filter\advanced_fir_filter.v":0)
WARN  (NL0002) : The module "(spram)/(Advanced_FIR_Filter_Top)(DATA_WIDTH=16,MEM_DEPTH=1)_19" instantiated to "gen_spram_coeff[20].spram_coeff_inst" is swept in optimizing("F:\GOWIN\Project\lab_fft\src\advanced_fir_filter\advanced_fir_filter.v":0)
WARN  (NL0002) : The module "(spram)/(Advanced_FIR_Filter_Top)(DATA_WIDTH=16,MEM_DEPTH=1)_20" instantiated to "gen_spram_coeff[21].spram_coeff_inst" is swept in optimizing("F:\GOWIN\Project\lab_fft\src\advanced_fir_filter\advanced_fir_filter.v":0)
WARN  (NL0002) : The module "(spram)/(Advanced_FIR_Filter_Top)(DATA_WIDTH=16,MEM_DEPTH=1)_1" instantiated to "gen_spram_coeff[2].spram_coeff_inst" is swept in optimizing("F:\GOWIN\Project\lab_fft\src\advanced_fir_filter\advanced_fir_filter.v":0)
WARN  (NL0002) : The module "(spram)/(Advanced_FIR_Filter_Top)(DATA_WIDTH=16,MEM_DEPTH=1)_2" instantiated to "gen_spram_coeff[3].spram_coeff_inst" is swept in optimizing("F:\GOWIN\Project\lab_fft\src\advanced_fir_filter\advanced_fir_filter.v":0)
WARN  (NL0002) : The module "(spram)/(Advanced_FIR_Filter_Top)(DATA_WIDTH=16,MEM_DEPTH=1)_3" instantiated to "gen_spram_coeff[4].spram_coeff_inst" is swept in optimizing("F:\GOWIN\Project\lab_fft\src\advanced_fir_filter\advanced_fir_filter.v":0)
WARN  (NL0002) : The module "(spram)/(Advanced_FIR_Filter_Top)(DATA_WIDTH=16,MEM_DEPTH=1)_4" instantiated to "gen_spram_coeff[5].spram_coeff_inst" is swept in optimizing("F:\GOWIN\Project\lab_fft\src\advanced_fir_filter\advanced_fir_filter.v":0)
WARN  (NL0002) : The module "(spram)/(Advanced_FIR_Filter_Top)(DATA_WIDTH=16,MEM_DEPTH=1)_5" instantiated to "gen_spram_coeff[6].spram_coeff_inst" is swept in optimizing("F:\GOWIN\Project\lab_fft\src\advanced_fir_filter\advanced_fir_filter.v":0)
WARN  (NL0002) : The module "(spram)/(Advanced_FIR_Filter_Top)(DATA_WIDTH=16,MEM_DEPTH=1)_6" instantiated to "gen_spram_coeff[7].spram_coeff_inst" is swept in optimizing("F:\GOWIN\Project\lab_fft\src\advanced_fir_filter\advanced_fir_filter.v":0)
WARN  (NL0002) : The module "(spram)/(Advanced_FIR_Filter_Top)(DATA_WIDTH=16,MEM_DEPTH=1)_7" instantiated to "gen_spram_coeff[8].spram_coeff_inst" is swept in optimizing("F:\GOWIN\Project\lab_fft\src\advanced_fir_filter\advanced_fir_filter.v":0)
WARN  (NL0002) : The module "(spram)/(Advanced_FIR_Filter_Top)(DATA_WIDTH=16,MEM_DEPTH=1)_8" instantiated to "gen_spram_coeff[9].spram_coeff_inst" is swept in optimizing("F:\GOWIN\Project\lab_fft\src\advanced_fir_filter\advanced_fir_filter.v":0)
WARN  (NL0002) : The module "(spram)/(Advanced_FIR_Filter_Top)(DATA_WIDTH=18,MEM_DEPTH=2)_0" instantiated to "gen_spram_shift[0].spram_shift_inst" is swept in optimizing("F:\GOWIN\Project\lab_fft\src\advanced_fir_filter\advanced_fir_filter.v":0)
WARN  (NL0002) : The module "(spram)/(Advanced_FIR_Filter_Top)(DATA_WIDTH=18,MEM_DEPTH=2)_10" instantiated to "gen_spram_shift[10].spram_shift_inst" is swept in optimizing("F:\GOWIN\Project\lab_fft\src\advanced_fir_filter\advanced_fir_filter.v":0)
WARN  (NL0002) : The module "(spram)/(Advanced_FIR_Filter_Top)(DATA_WIDTH=18,MEM_DEPTH=2)_11" instantiated to "gen_spram_shift[11].spram_shift_inst" is swept in optimizing("F:\GOWIN\Project\lab_fft\src\advanced_fir_filter\advanced_fir_filter.v":0)
WARN  (NL0002) : The module "(spram)/(Advanced_FIR_Filter_Top)(DATA_WIDTH=18,MEM_DEPTH=2)_12" instantiated to "gen_spram_shift[12].spram_shift_inst" is swept in optimizing("F:\GOWIN\Project\lab_fft\src\advanced_fir_filter\advanced_fir_filter.v":0)
WARN  (NL0002) : The module "(spram)/(Advanced_FIR_Filter_Top)(DATA_WIDTH=18,MEM_DEPTH=2)_13" instantiated to "gen_spram_shift[13].spram_shift_inst" is swept in optimizing("F:\GOWIN\Project\lab_fft\src\advanced_fir_filter\advanced_fir_filter.v":0)
WARN  (NL0002) : The module "(spram)/(Advanced_FIR_Filter_Top)(DATA_WIDTH=18,MEM_DEPTH=2)_14" instantiated to "gen_spram_shift[14].spram_shift_inst" is swept in optimizing("F:\GOWIN\Project\lab_fft\src\advanced_fir_filter\advanced_fir_filter.v":0)
WARN  (NL0002) : The module "(spram)/(Advanced_FIR_Filter_Top)(DATA_WIDTH=18,MEM_DEPTH=2)_15" instantiated to "gen_spram_shift[15].spram_shift_inst" is swept in optimizing("F:\GOWIN\Project\lab_fft\src\advanced_fir_filter\advanced_fir_filter.v":0)
WARN  (NL0002) : The module "(spram)/(Advanced_FIR_Filter_Top)(DATA_WIDTH=18,MEM_DEPTH=2)_16" instantiated to "gen_spram_shift[16].spram_shift_inst" is swept in optimizing("F:\GOWIN\Project\lab_fft\src\advanced_fir_filter\advanced_fir_filter.v":0)
WARN  (NL0002) : The module "(spram)/(Advanced_FIR_Filter_Top)(DATA_WIDTH=18,MEM_DEPTH=2)_17" instantiated to "gen_spram_shift[17].spram_shift_inst" is swept in optimizing("F:\GOWIN\Project\lab_fft\src\advanced_fir_filter\advanced_fir_filter.v":0)
WARN  (NL0002) : The module "(spram)/(Advanced_FIR_Filter_Top)(DATA_WIDTH=18,MEM_DEPTH=2)_18" instantiated to "gen_spram_shift[18].spram_shift_inst" is swept in optimizing("F:\GOWIN\Project\lab_fft\src\advanced_fir_filter\advanced_fir_filter.v":0)
WARN  (NL0002) : The module "(spram)/(Advanced_FIR_Filter_Top)(DATA_WIDTH=18,MEM_DEPTH=2)_19" instantiated to "gen_spram_shift[19].spram_shift_inst" is swept in optimizing("F:\GOWIN\Project\lab_fft\src\advanced_fir_filter\advanced_fir_filter.v":0)
WARN  (NL0002) : The module "(spram)/(Advanced_FIR_Filter_Top)(DATA_WIDTH=18,MEM_DEPTH=2)_1" instantiated to "gen_spram_shift[1].spram_shift_inst" is swept in optimizing("F:\GOWIN\Project\lab_fft\src\advanced_fir_filter\advanced_fir_filter.v":0)
WARN  (NL0002) : The module "(spram)/(Advanced_FIR_Filter_Top)(DATA_WIDTH=18,MEM_DEPTH=2)_20" instantiated to "gen_spram_shift[20].spram_shift_inst" is swept in optimizing("F:\GOWIN\Project\lab_fft\src\advanced_fir_filter\advanced_fir_filter.v":0)
WARN  (NL0002) : The module "(spram)/(Advanced_FIR_Filter_Top)(DATA_WIDTH=18,MEM_DEPTH=2)_21" instantiated to "gen_spram_shift[21].spram_shift_inst" is swept in optimizing("F:\GOWIN\Project\lab_fft\src\advanced_fir_filter\advanced_fir_filter.v":0)
WARN  (NL0002) : The module "(spram)/(Advanced_FIR_Filter_Top)(DATA_WIDTH=18,MEM_DEPTH=2)_2" instantiated to "gen_spram_shift[2].spram_shift_inst" is swept in optimizing("F:\GOWIN\Project\lab_fft\src\advanced_fir_filter\advanced_fir_filter.v":0)
WARN  (NL0002) : The module "(spram)/(Advanced_FIR_Filter_Top)(DATA_WIDTH=18,MEM_DEPTH=2)_3" instantiated to "gen_spram_shift[3].spram_shift_inst" is swept in optimizing("F:\GOWIN\Project\lab_fft\src\advanced_fir_filter\advanced_fir_filter.v":0)
WARN  (NL0002) : The module "(spram)/(Advanced_FIR_Filter_Top)(DATA_WIDTH=18,MEM_DEPTH=2)_4" instantiated to "gen_spram_shift[4].spram_shift_inst" is swept in optimizing("F:\GOWIN\Project\lab_fft\src\advanced_fir_filter\advanced_fir_filter.v":0)
WARN  (NL0002) : The module "(spram)/(Advanced_FIR_Filter_Top)(DATA_WIDTH=18,MEM_DEPTH=2)_5" instantiated to "gen_spram_shift[5].spram_shift_inst" is swept in optimizing("F:\GOWIN\Project\lab_fft\src\advanced_fir_filter\advanced_fir_filter.v":0)
WARN  (NL0002) : The module "(spram)/(Advanced_FIR_Filter_Top)(DATA_WIDTH=18,MEM_DEPTH=2)_6" instantiated to "gen_spram_shift[6].spram_shift_inst" is swept in optimizing("F:\GOWIN\Project\lab_fft\src\advanced_fir_filter\advanced_fir_filter.v":0)
WARN  (NL0002) : The module "(spram)/(Advanced_FIR_Filter_Top)(DATA_WIDTH=18,MEM_DEPTH=2)_7" instantiated to "gen_spram_shift[7].spram_shift_inst" is swept in optimizing("F:\GOWIN\Project\lab_fft\src\advanced_fir_filter\advanced_fir_filter.v":0)
WARN  (NL0002) : The module "(spram)/(Advanced_FIR_Filter_Top)(DATA_WIDTH=18,MEM_DEPTH=2)_8" instantiated to "gen_spram_shift[8].spram_shift_inst" is swept in optimizing("F:\GOWIN\Project\lab_fft\src\advanced_fir_filter\advanced_fir_filter.v":0)
WARN  (NL0002) : The module "(spram)/(Advanced_FIR_Filter_Top)(DATA_WIDTH=18,MEM_DEPTH=2)_9" instantiated to "gen_spram_shift[9].spram_shift_inst" is swept in optimizing("F:\GOWIN\Project\lab_fft\src\advanced_fir_filter\advanced_fir_filter.v":0)
WARN  (NL0002) : The module "(spram)/(Advanced_FIR_Filter_Top)(DATA_WIDTH=18,MEM_DEPTH=2)" instantiated to "spram_data_inst" is swept in optimizing("F:\GOWIN\Project\lab_fft\src\advanced_fir_filter\advanced_fir_filter.v":0)
WARN  (NL0002) : The module "Complex_Multiplier_Top" instantiated to "Complex_Multiplier_inst" is swept in optimizing("F:\GOWIN\Project\lab_fft\src\fir_top.v":103)
WARN  (NL0002) : The module "~cmp_core.Complex_Multiplier_Top" instantiated to "u_complex_mult" is swept in optimizing("F:\GOWIN\Project\lab_fft\src\complex_multiplier\complex_multiplier.v":235)
WARN  (NL0002) : The module "DDS_II_Top" instantiated to "DDS_II_inst" is swept in optimizing("F:\GOWIN\Project\lab_fft\src\fir_top.v":91)
WARN  (NL0002) : The module "~dds_ii_core.DDS_II_Top" instantiated to "u_dds_compiler_core" is swept in optimizing("F:\GOWIN\Project\lab_fft\src\dds_ii\dds_ii.v":1250)
WARN  (NL0002) : The module "~dds_lut_table.DDS_II_Top" instantiated to "u_dds_lut_table" is swept in optimizing("F:\GOWIN\Project\lab_fft\src\dds_ii\dds_ii.v":0)
WARN  (NL0002) : The module "~rom_style.DDS_II_Top" instantiated to "U_rom_style" is swept in optimizing("F:\GOWIN\Project\lab_fft\src\dds_ii\dds_ii.v":0)
WARN  (NL0002) : The module "~dds_pha_cfg.DDS_II_Top" instantiated to "u_dds_pha_cfg" is swept in optimizing("F:\GOWIN\Project\lab_fft\src\dds_ii\dds_ii.v":0)
WARN  (NL0002) : The module "~dds_pha_gen.DDS_II_Top" instantiated to "u_dds_pha_gen" is swept in optimizing("F:\GOWIN\Project\lab_fft\src\dds_ii\dds_ii.v":0)
WARN  (NL0002) : The module "DDS_Top" instantiated to "DDS_inst" is swept in optimizing("F:\GOWIN\Project\lab_fft\src\fir_top.v":83)
WARN  (NL0002) : The module "~DDS.DDS_Top" instantiated to "DDS" is swept in optimizing("F:\GOWIN\Project\lab_fft\src\dds\dds.v":702)
WARN  (NL0002) : The module "~DDS_LUT.DDS_Top" instantiated to "DDS_LUT" is swept in optimizing("F:\GOWIN\Project\lab_fft\src\dds\dds.v":0)
WARN  (NL0002) : The module "~PhaseAdder.DDS_Top" instantiated to "PhaseAdder" is swept in optimizing("F:\GOWIN\Project\lab_fft\src\dds\dds.v":0)
WARN  (NL0002) : The module "~DDS_ctrl.DDS_Top" instantiated to "ctrl" is swept in optimizing("F:\GOWIN\Project\lab_fft\src\dds\dds.v":0)
WARN  (NL0002) : The module "Gowin_PLL" instantiated to "Gowin_PLL_inst" is swept in optimizing("F:\GOWIN\Project\lab_fft\src\fir_top.v":71)
[95%] Generate netlist file "F:\GOWIN\Project\lab_fft\impl\gwsynthesis\lab_fft.vg" completed
[100%] Generate report file "F:\GOWIN\Project\lab_fft\impl\gwsynthesis\lab_fft_syn.rpt.html" completed
GowinSynthesis finish
