GowinSynthesis start
Running parser ...
Analyzing Verilog file 'F:\GOWIN\Gowin_V1.9.9_x64\IDE\ipcore\DDS_II\data\dds_ii_top.v'
Analyzing included file 'top_define.vh'("F:\GOWIN\Gowin_V1.9.9_x64\IDE\ipcore\DDS_II\data\dds_ii_top.v":1)
Back to file 'F:\GOWIN\Gowin_V1.9.9_x64\IDE\ipcore\DDS_II\data\dds_ii_top.v'("F:\GOWIN\Gowin_V1.9.9_x64\IDE\ipcore\DDS_II\data\dds_ii_top.v":1)
Analyzing included file 'F:\GOWIN\Gowin_V1.9.9_x64\IDE\ipcore\DDS_II\data\static_macro_define.vh'("F:\GOWIN\Gowin_V1.9.9_x64\IDE\ipcore\DDS_II\data\dds_ii_top.v":2)
Back to file 'F:\GOWIN\Gowin_V1.9.9_x64\IDE\ipcore\DDS_II\data\dds_ii_top.v'("F:\GOWIN\Gowin_V1.9.9_x64\IDE\ipcore\DDS_II\data\dds_ii_top.v":2)
Analyzing included file 'dds_ii_top_defines.vh'("F:\GOWIN\Gowin_V1.9.9_x64\IDE\ipcore\DDS_II\data\dds_ii_top.v":3)
Back to file 'F:\GOWIN\Gowin_V1.9.9_x64\IDE\ipcore\DDS_II\data\dds_ii_top.v'("F:\GOWIN\Gowin_V1.9.9_x64\IDE\ipcore\DDS_II\data\dds_ii_top.v":3)
Undeclared symbol 'phase_valid_i', assumed default net type 'wire'("F:\GOWIN\Gowin_V1.9.9_x64\IDE\ipcore\DDS_II\data\dds_ii_top.v":249)
Undeclared symbol 'phase_i', assumed default net type 'wire'("F:\GOWIN\Gowin_V1.9.9_x64\IDE\ipcore\DDS_II\data\dds_ii_top.v":250)
Undeclared symbol 'phase_tlast_i', assumed default net type 'wire'("F:\GOWIN\Gowin_V1.9.9_x64\IDE\ipcore\DDS_II\data\dds_ii_top.v":251)
Undeclared symbol 'phase_resync_i', assumed default net type 'wire'("F:\GOWIN\Gowin_V1.9.9_x64\IDE\ipcore\DDS_II\data\dds_ii_top.v":252)
Undeclared symbol 'phase_inc_i', assumed default net type 'wire'("F:\GOWIN\Gowin_V1.9.9_x64\IDE\ipcore\DDS_II\data\dds_ii_top.v":253)
Undeclared symbol 'phase_off_i', assumed default net type 'wire'("F:\GOWIN\Gowin_V1.9.9_x64\IDE\ipcore\DDS_II\data\dds_ii_top.v":254)
Undeclared symbol 'phase_tlast_missing_o', assumed default net type 'wire'("F:\GOWIN\Gowin_V1.9.9_x64\IDE\ipcore\DDS_II\data\dds_ii_top.v":255)
Undeclared symbol 'phase_tlast_unexpected_o', assumed default net type 'wire'("F:\GOWIN\Gowin_V1.9.9_x64\IDE\ipcore\DDS_II\data\dds_ii_top.v":256)
Undeclared symbol 'config_valid_i', assumed default net type 'wire'("F:\GOWIN\Gowin_V1.9.9_x64\IDE\ipcore\DDS_II\data\dds_ii_top.v":257)
Undeclared symbol 'config_tlast_i', assumed default net type 'wire'("F:\GOWIN\Gowin_V1.9.9_x64\IDE\ipcore\DDS_II\data\dds_ii_top.v":258)
Undeclared symbol 'config_inc_i', assumed default net type 'wire'("F:\GOWIN\Gowin_V1.9.9_x64\IDE\ipcore\DDS_II\data\dds_ii_top.v":259)
Undeclared symbol 'config_off_i', assumed default net type 'wire'("F:\GOWIN\Gowin_V1.9.9_x64\IDE\ipcore\DDS_II\data\dds_ii_top.v":260)
Undeclared symbol 'config_tlast_missing_o', assumed default net type 'wire'("F:\GOWIN\Gowin_V1.9.9_x64\IDE\ipcore\DDS_II\data\dds_ii_top.v":261)
Undeclared symbol 'config_tlast_unexpected_o', assumed default net type 'wire'("F:\GOWIN\Gowin_V1.9.9_x64\IDE\ipcore\DDS_II\data\dds_ii_top.v":262)
Undeclared symbol 'phase_out_o', assumed default net type 'wire'("F:\GOWIN\Gowin_V1.9.9_x64\IDE\ipcore\DDS_II\data\dds_ii_top.v":264)
Undeclared symbol 'sine_o', assumed default net type 'wire'("F:\GOWIN\Gowin_V1.9.9_x64\IDE\ipcore\DDS_II\data\dds_ii_top.v":266)
Undeclared symbol 'chan_id_o', assumed default net type 'wire'("F:\GOWIN\Gowin_V1.9.9_x64\IDE\ipcore\DDS_II\data\dds_ii_top.v":267)
Analyzing Verilog file 'F:\GOWIN\Gowin_V1.9.9_x64\IDE\ipcore\DDS_II\data\dds_ii_core_encryption.v'
Analyzing included file 'top_define.vh'("F:\GOWIN\Gowin_V1.9.9_x64\IDE\ipcore\DDS_II\data\dds_ii_core_encryption.v":1011)
Back to file 'F:\GOWIN\Gowin_V1.9.9_x64\IDE\ipcore\DDS_II\data\dds_ii_core_encryption.v'("F:\GOWIN\Gowin_V1.9.9_x64\IDE\ipcore\DDS_II\data\dds_ii_core_encryption.v":1011)
Analyzing included file 'F:\GOWIN\Gowin_V1.9.9_x64\IDE\ipcore\DDS_II\data\static_macro_define.vh'("F:\GOWIN\Gowin_V1.9.9_x64\IDE\ipcore\DDS_II\data\dds_ii_core_encryption.v":1011)
Back to file 'F:\GOWIN\Gowin_V1.9.9_x64\IDE\ipcore\DDS_II\data\dds_ii_core_encryption.v'("F:\GOWIN\Gowin_V1.9.9_x64\IDE\ipcore\DDS_II\data\dds_ii_core_encryption.v":1011)
WARN  (EX2478) : Non-net output port '**' cannot be initialized at declaration in SystemVerilog mode("F:\GOWIN\Gowin_V1.9.9_x64\IDE\ipcore\DDS_II\data\dds_ii_core_encryption.v":0)
Undeclared symbol '**', assumed default net type '**'("F:\GOWIN\Gowin_V1.9.9_x64\IDE\ipcore\DDS_II\data\dds_ii_core_encryption.v":0)
Undeclared symbol '**', assumed default net type '**'("F:\GOWIN\Gowin_V1.9.9_x64\IDE\ipcore\DDS_II\data\dds_ii_core_encryption.v":0)
WARN  (EX3801) : Parameter '**' becomes localparam in '**' with formal parameter declaration list("F:\GOWIN\Gowin_V1.9.9_x64\IDE\ipcore\DDS_II\data\dds_ii_core_encryption.v":0)
Compiling module 'DDS_II_Top'("F:\GOWIN\Gowin_V1.9.9_x64\IDE\ipcore\DDS_II\data\dds_ii_top.v":30)
Compiling module '**'("F:\GOWIN\Gowin_V1.9.9_x64\IDE\ipcore\DDS_II\data\dds_ii_core_encryption.v":0)
Compiling module '**'("F:\GOWIN\Gowin_V1.9.9_x64\IDE\ipcore\DDS_II\data\dds_ii_core_encryption.v":0)
WARN  (EX3791) : Expression size ** truncated to fit in target size **("F:\GOWIN\Gowin_V1.9.9_x64\IDE\ipcore\DDS_II\data\dds_ii_core_encryption.v":0)
WARN  (EX1998) : Net '**' does not have a driver("F:\GOWIN\Gowin_V1.9.9_x64\IDE\ipcore\DDS_II\data\dds_ii_core_encryption.v":0)
WARN  (EX3670) : Actual bit length ** differs from formal bit length ** for port '**'("F:\GOWIN\Gowin_V1.9.9_x64\IDE\ipcore\DDS_II\data\dds_ii_core_encryption.v":0)
Compiling module '**'("F:\GOWIN\Gowin_V1.9.9_x64\IDE\ipcore\DDS_II\data\dds_ii_core_encryption.v":0)
WARN  (EX3791) : Expression size ** truncated to fit in target size **("F:\GOWIN\Gowin_V1.9.9_x64\IDE\ipcore\DDS_II\data\dds_ii_core_encryption.v":0)
WARN  (EX3670) : Actual bit length ** differs from formal bit length ** for port '**'("F:\GOWIN\Gowin_V1.9.9_x64\IDE\ipcore\DDS_II\data\dds_ii_core_encryption.v":0)
Compiling module '**'("F:\GOWIN\Gowin_V1.9.9_x64\IDE\ipcore\DDS_II\data\dds_ii_core_encryption.v":0)
WARN  (EX3791) : Expression size ** truncated to fit in target size **("F:\GOWIN\Gowin_V1.9.9_x64\IDE\ipcore\DDS_II\data\dds_ii_core_encryption.v":0)
Compiling module '**'("F:\GOWIN\Gowin_V1.9.9_x64\IDE\ipcore\DDS_II\data\dds_ii_core_encryption.v":0)
Extracting RAM for identifier '**'("F:\GOWIN\Gowin_V1.9.9_x64\IDE\ipcore\DDS_II\data\dds_ii_core_encryption.v":0)
WARN  (EX3670) : Actual bit length ** differs from formal bit length ** for port '**'("F:\GOWIN\Gowin_V1.9.9_x64\IDE\ipcore\DDS_II\data\dds_ii_core_encryption.v":0)
WARN  (EX3791) : Expression size ** truncated to fit in target size **("F:\GOWIN\Gowin_V1.9.9_x64\IDE\ipcore\DDS_II\data\dds_ii_core_encryption.v":0)
WARN  (EX3670) : Actual bit length 1 differs from formal bit length 27 for port 'i_phase'("F:\GOWIN\Gowin_V1.9.9_x64\IDE\ipcore\DDS_II\data\dds_ii_top.v":250)
WARN  (EX3670) : Actual bit length 1 differs from formal bit length 27 for port 'i_phase_inc'("F:\GOWIN\Gowin_V1.9.9_x64\IDE\ipcore\DDS_II\data\dds_ii_top.v":253)
WARN  (EX3670) : Actual bit length 1 differs from formal bit length 27 for port 'i_phase_off'("F:\GOWIN\Gowin_V1.9.9_x64\IDE\ipcore\DDS_II\data\dds_ii_top.v":254)
WARN  (EX3670) : Actual bit length 1 differs from formal bit length 27 for port 'i_config_inc'("F:\GOWIN\Gowin_V1.9.9_x64\IDE\ipcore\DDS_II\data\dds_ii_top.v":259)
WARN  (EX3670) : Actual bit length 1 differs from formal bit length 27 for port 'i_config_off'("F:\GOWIN\Gowin_V1.9.9_x64\IDE\ipcore\DDS_II\data\dds_ii_top.v":260)
WARN  (EX3670) : Actual bit length 1 differs from formal bit length 27 for port 'o_phase_out'("F:\GOWIN\Gowin_V1.9.9_x64\IDE\ipcore\DDS_II\data\dds_ii_top.v":264)
WARN  (EX3670) : Actual bit length 1 differs from formal bit length 8 for port 'o_sine'("F:\GOWIN\Gowin_V1.9.9_x64\IDE\ipcore\DDS_II\data\dds_ii_top.v":266)
WARN  (EX1998) : Net 'phase_valid_i' does not have a driver("F:\GOWIN\Gowin_V1.9.9_x64\IDE\ipcore\DDS_II\data\dds_ii_top.v":249)
WARN  (EX1998) : Net 'phase_i' does not have a driver("F:\GOWIN\Gowin_V1.9.9_x64\IDE\ipcore\DDS_II\data\dds_ii_top.v":250)
WARN  (EX1998) : Net 'phase_tlast_i' does not have a driver("F:\GOWIN\Gowin_V1.9.9_x64\IDE\ipcore\DDS_II\data\dds_ii_top.v":251)
WARN  (EX1998) : Net 'phase_resync_i' does not have a driver("F:\GOWIN\Gowin_V1.9.9_x64\IDE\ipcore\DDS_II\data\dds_ii_top.v":252)
WARN  (EX1998) : Net 'phase_inc_i' does not have a driver("F:\GOWIN\Gowin_V1.9.9_x64\IDE\ipcore\DDS_II\data\dds_ii_top.v":253)
WARN  (EX1998) : Net 'phase_off_i' does not have a driver("F:\GOWIN\Gowin_V1.9.9_x64\IDE\ipcore\DDS_II\data\dds_ii_top.v":254)
WARN  (EX1998) : Net 'config_valid_i' does not have a driver("F:\GOWIN\Gowin_V1.9.9_x64\IDE\ipcore\DDS_II\data\dds_ii_top.v":257)
WARN  (EX1998) : Net 'config_tlast_i' does not have a driver("F:\GOWIN\Gowin_V1.9.9_x64\IDE\ipcore\DDS_II\data\dds_ii_top.v":258)
WARN  (EX1998) : Net 'config_inc_i' does not have a driver("F:\GOWIN\Gowin_V1.9.9_x64\IDE\ipcore\DDS_II\data\dds_ii_top.v":259)
WARN  (EX1998) : Net 'config_off_i' does not have a driver("F:\GOWIN\Gowin_V1.9.9_x64\IDE\ipcore\DDS_II\data\dds_ii_top.v":260)
NOTE  (EX0101) : Current top module is "DDS_II_Top"
[5%] Running netlist conversion ...
Running device independent optimization ...
[10%] Optimizing Phase 0 completed
[15%] Optimizing Phase 1 completed
[25%] Optimizing Phase 2 completed
Running inference ...
[30%] Inferring Phase 0 completed
[40%] Inferring Phase 1 completed
[50%] Inferring Phase 2 completed
[55%] Inferring Phase 3 completed
Running technical mapping ...
[60%] Tech-Mapping Phase 0 completed
[65%] Tech-Mapping Phase 1 completed
[75%] Tech-Mapping Phase 2 completed
[80%] Tech-Mapping Phase 3 completed
[90%] Tech-Mapping Phase 4 completed
[95%] Generate netlist file "F:\GOWIN\Project\lab_fft\src\dds_ii\temp\dds_ii\dds_ii.vg" completed
Generate template file "F:\GOWIN\Project\lab_fft\src\dds_ii\temp\dds_ii\dds_ii_tmp.v" completed
[100%] Generate report file "F:\GOWIN\Project\lab_fft\src\dds_ii\temp\dds_ii\dds_ii_syn.rpt.html" completed
GowinSynthesis finish
